d:\shweta_workplace\trafficjam\trafficjam\x64\debug\trafficjam.pch
d:\shweta_workplace\trafficjam\trafficjam\x64\debug\vc143.pdb
d:\shweta_workplace\trafficjam\trafficjam\x64\debug\stdafx.obj
d:\shweta_workplace\trafficjam\trafficjam\x64\debug\trafficjam.obj
d:\shweta_workplace\trafficjam\trafficjam\x64\debug\main.obj
d:\shweta_workplace\trafficjam\trafficjam\x64\debug\openglwindow.obj
d:\shweta_workplace\trafficjam\trafficjam\x64\debug\qrc_trafficjam.obj
d:\shweta_workplace\trafficjam\trafficjam\x64\debug\moc_openglwindow.obj
d:\shweta_workplace\trafficjam\trafficjam\x64\debug\moc_trafficjam.obj
d:\shweta_workplace\trafficjam\trafficjam\x64\debug\moc\moc_trafficjam.cpp
d:\shweta_workplace\trafficjam\trafficjam\x64\debug\moc\moc_openglwindow.cpp
d:\shweta_workplace\trafficjam\trafficjam\x64\debug\rcc\qrc_trafficjam.cpp
d:\shweta_workplace\trafficjam\trafficjam\x64\debug\uic\ui_trafficjam.h
d:\shweta_workplace\trafficjam\trafficjam\x64\debug\trafficjam.tlog\cl.command.1.tlog
d:\shweta_workplace\trafficjam\trafficjam\x64\debug\trafficjam.tlog\cl.read.1.tlog
d:\shweta_workplace\trafficjam\trafficjam\x64\debug\trafficjam.tlog\cl.write.1.tlog
d:\shweta_workplace\trafficjam\trafficjam\x64\debug\trafficjam.tlog\link.command.1.tlog
d:\shweta_workplace\trafficjam\trafficjam\x64\debug\trafficjam.tlog\link.read.1.tlog
d:\shweta_workplace\trafficjam\trafficjam\x64\debug\trafficjam.tlog\link.write.1.tlog
d:\shweta_workplace\trafficjam\trafficjam\x64\debug\trafficjam.tlog\moc.read.1u.tlog
d:\shweta_workplace\trafficjam\trafficjam\x64\debug\trafficjam.tlog\moc.write.1u.tlog
d:\shweta_workplace\trafficjam\trafficjam\x64\debug\trafficjam.tlog\rcc.read.1u.tlog
d:\shweta_workplace\trafficjam\trafficjam\x64\debug\trafficjam.tlog\rcc.write.1u.tlog
d:\shweta_workplace\trafficjam\trafficjam\x64\debug\trafficjam.tlog\trafficjam.write.1u.tlog
d:\shweta_workplace\trafficjam\trafficjam\x64\debug\trafficjam.tlog\uic.read.1u.tlog
d:\shweta_workplace\trafficjam\trafficjam\x64\debug\trafficjam.tlog\uic.write.1u.tlog
